
Copyright (C) 1994-2020 Synopsys, Inc.
This Synopsys software and all associated documentation are proprietary to Synopsys, Inc.
and may only be used pursuant to the terms and conditions of a written license agreement
with Synopsys, Inc. All other use, reproduction, modification, or distribution of the
Synopsys software or the associated documentation is strictly prohibited.
Tool: Synplify Pro (R)
Build: Q-2020.03M
Install: C:\Microsemi\Libero_SoC_v12.5\SynplifyPro
OS: Windows 6.2

Hostname: LAPTOP-HTQIEO6U

Implementation : synthesis

# Written on Fri Dec 18 11:11:06 2020

##### DESIGN INFO #######################################################

Top View:                "system"
Constraint File(s):      "C:\Microsemi\Libero_SoC_v12.5\Designer\bin\Teste_SmartDebug\designer\system\synthesis.fdc"




##### SUMMARY ############################################################

Found 0 issues in 0 out of 0 constraints


##### DETAILS ############################################################



Clock Relationships
*******************

Starting                                                     Ending                                                       |     rise to rise     |     fall to fall     |     rise to fall     |     fall to rise                     
-------------------------------------------------------------------------------------------------------------------------------------------------------------------------------------------------------------------------------------
system_sb_CCC_0_FCCC|GL0_net_inferred_clock                  system_sb_CCC_0_FCCC|GL0_net_inferred_clock                  |     10.000           |     No paths         |     No paths         |     No paths                         
system_sb_CCC_0_FCCC|GL0_net_inferred_clock                  system_sb_FABOSC_0_OSC|RCOSC_25_50MHZ_CCC_inferred_clock     |     Diff grp         |     No paths         |     No paths         |     No paths                         
system_sb_FABOSC_0_OSC|RCOSC_25_50MHZ_CCC_inferred_clock     system_sb_CCC_0_FCCC|GL0_net_inferred_clock                  |     Diff grp         |     No paths         |     No paths         |     No paths                         
system_sb_FABOSC_0_OSC|RCOSC_25_50MHZ_CCC_inferred_clock     system_sb_FABOSC_0_OSC|RCOSC_25_50MHZ_CCC_inferred_clock     |     10.000           |     No paths         |     No paths         |     No paths                         
=====================================================================================================================================================================================================================================
 Note: 'No paths' indicates there are no paths in the design for that pair of clock edges.
       'Diff grp' indicates that paths exist but the starting clock and ending clock are in different clock groups.


Unconstrained Start/End Points
******************************

p:DEVRST_N
p:Y


Inapplicable constraints
************************

(none)


Applicable constraints with issues
**********************************

(none)


Constraints with matching wildcard expressions
**********************************************

(none)


Library Report
**************


# End of Constraint Checker Report
